TN:
SF:/Users/rchea/workspaces/voting_unit_test/contracts/Voting.sol
FN:44,onlyVoters
FN:53,getVoter
FN:57,getOneProposal
FN:64,addVoter
FN:82,addProposal
FN:95,setVote
FN:134,startProposalsRegistering
FN:140,endProposalsRegistering
FN:146,startVotingSession
FN:152,endVotingSession
FN:183,tallyVotes
FNF:11
FNH:0
FNDA:0,onlyVoters
FNDA:0,getVoter
FNDA:0,getOneProposal
FNDA:0,addVoter
FNDA:0,addProposal
FNDA:0,setVote
FNDA:0,startProposalsRegistering
FNDA:0,endProposalsRegistering
FNDA:0,startVotingSession
FNDA:0,endVotingSession
FNDA:0,tallyVotes
DA:45,0
DA:46,0
DA:54,0
DA:58,0
DA:65,0
DA:66,0
DA:68,0
DA:69,0
DA:83,0
DA:84,0
DA:87,0
DA:88,0
DA:89,0
DA:90,0
DA:96,0
DA:97,0
DA:98,0
DA:100,0
DA:101,0
DA:102,0
DA:104,0
DA:135,0
DA:136,0
DA:137,0
DA:141,0
DA:142,0
DA:143,0
DA:147,0
DA:148,0
DA:149,0
DA:153,0
DA:154,0
DA:155,0
DA:184,0
DA:185,0
DA:186,0
DA:187,0
DA:188,0
DA:191,0
DA:193,0
DA:194,0
LF:41
LH:0
BRDA:45,1,0,0
BRDA:45,1,1,0
BRDA:65,2,0,0
BRDA:65,2,1,0
BRDA:66,3,0,0
BRDA:66,3,1,0
BRDA:83,4,0,0
BRDA:83,4,1,0
BRDA:84,5,0,0
BRDA:84,5,1,0
BRDA:96,6,0,0
BRDA:96,6,1,0
BRDA:97,7,0,0
BRDA:97,7,1,0
BRDA:98,8,0,0
BRDA:98,8,1,0
BRDA:135,9,0,0
BRDA:135,9,1,0
BRDA:141,10,0,0
BRDA:141,10,1,0
BRDA:147,11,0,0
BRDA:147,11,1,0
BRDA:153,12,0,0
BRDA:153,12,1,0
BRDA:184,13,0,0
BRDA:184,13,1,0
BRDA:187,14,0,0
BRDA:187,14,1,0
BRF:28
BRH:0
end_of_record
